Auto-push berhasil pada Sun Jul 13 11:20:05 UTC 2025
Auto-push berhasil pada Sun Jul 13 11:30:05 UTC 2025
Auto-push berhasil pada Sun Jul 13 12:00:04 UTC 2025
Auto-push berhasil pada Sun Jul 13 12:30:04 UTC 2025
Auto-push berhasil pada Sun Jul 13 13:00:04 UTC 2025
Auto-push berhasil pada Sun Jul 13 13:30:04 UTC 2025
Auto-push berhasil pada Sun Jul 13 14:00:06 UTC 2025
Auto-push berhasil pada Sun Jul 13 14:30:04 UTC 2025
Tidak ada perubahan pada Sun Jul 13 17:00:01 UTC 2025
Auto-push berhasil pada Sun Jul 13 17:30:04 UTC 2025
Auto-push berhasil pada Sun Jul 13 18:00:04 UTC 2025
Auto-push berhasil pada Sun Jul 13 18:30:04 UTC 2025
Auto-push berhasil pada Sun Jul 13 19:00:04 UTC 2025
Auto-push berhasil pada Sun Jul 13 19:30:04 UTC 2025
Auto-push berhasil pada Sun Jul 13 20:00:04 UTC 2025
Auto-push berhasil pada Sun Jul 13 20:30:04 UTC 2025
Auto-push berhasil pada Sun Jul 13 21:00:04 UTC 2025
Auto-push berhasil pada Sun Jul 13 21:30:04 UTC 2025
Auto-push berhasil pada Sun Jul 13 22:00:04 UTC 2025
Auto-push berhasil pada Sun Jul 13 22:30:04 UTC 2025
Auto-push berhasil pada Sun Jul 13 23:00:04 UTC 2025
Auto-push berhasil pada Sun Jul 13 23:30:04 UTC 2025
Auto-push berhasil pada Mon Jul 14 00:00:04 UTC 2025
Auto-push berhasil pada Mon Jul 14 00:30:04 UTC 2025
Auto-push berhasil pada Mon Jul 14 01:00:04 UTC 2025
Auto-push berhasil pada Mon Jul 14 01:30:04 UTC 2025
Auto-push berhasil pada Mon Jul 14 02:00:04 UTC 2025
Auto-push berhasil pada Mon Jul 14 02:30:04 UTC 2025
Auto-push berhasil pada Mon Jul 14 03:00:04 UTC 2025
Auto-push berhasil pada Mon Jul 14 03:30:04 UTC 2025
Auto-push berhasil pada Mon Jul 14 04:00:04 UTC 2025
Auto-push berhasil pada Mon Jul 14 04:30:06 UTC 2025
Auto-push berhasil pada Mon Jul 14 05:00:05 UTC 2025
Auto-push berhasil pada Mon Jul 14 05:30:04 UTC 2025
Auto-push berhasil pada Mon Jul 14 06:00:04 UTC 2025
Auto-push berhasil pada Mon Jul 14 06:30:04 UTC 2025
Auto-push berhasil pada Mon Jul 14 07:00:04 UTC 2025
Auto-push berhasil pada Mon Jul 14 07:30:04 UTC 2025
Auto-push berhasil pada Mon Jul 14 08:00:04 UTC 2025
Auto-push berhasil pada Mon Jul 14 08:30:04 UTC 2025
Auto-push berhasil pada Mon Jul 14 09:00:05 UTC 2025
Auto-push berhasil pada Mon Jul 14 09:30:04 UTC 2025
Auto-push berhasil pada Mon Jul 14 10:00:04 UTC 2025
Auto-push berhasil pada Mon Jul 14 10:30:04 UTC 2025
Auto-push berhasil pada Mon Jul 14 11:00:04 UTC 2025
Auto-push berhasil pada Mon Jul 14 11:30:04 UTC 2025
Auto-push berhasil pada Mon Jul 14 12:00:05 UTC 2025
Auto-push berhasil pada Mon Jul 14 12:30:04 UTC 2025
Auto-push berhasil pada Mon Jul 14 13:02:16 UTC 2025
Auto-push berhasil pada Mon Jul 14 13:30:04 UTC 2025
Auto-push berhasil pada Mon Jul 14 14:00:05 UTC 2025
Auto-push berhasil pada Mon Jul 14 14:30:04 UTC 2025
Auto-push berhasil pada Mon Jul 14 15:00:05 UTC 2025
Auto-push berhasil pada Mon Jul 14 15:30:04 UTC 2025
Auto-push berhasil pada Mon Jul 14 16:00:04 UTC 2025
Auto-push berhasil pada Mon Jul 14 16:30:04 UTC 2025
Auto-push berhasil pada Mon Jul 14 17:00:05 UTC 2025
Auto-push berhasil pada Mon Jul 14 17:30:04 UTC 2025
Auto-push berhasil pada Mon Jul 14 18:00:04 UTC 2025
Auto-push berhasil pada Mon Jul 14 18:30:04 UTC 2025
Auto-push berhasil pada Mon Jul 14 19:00:04 UTC 2025
Auto-push berhasil pada Mon Jul 14 19:30:04 UTC 2025
Auto-push berhasil pada Mon Jul 14 20:00:04 UTC 2025
Auto-push berhasil pada Mon Jul 14 20:30:04 UTC 2025
Auto-push berhasil pada Mon Jul 14 21:00:04 UTC 2025
Auto-push berhasil pada Mon Jul 14 21:30:04 UTC 2025
Auto-push berhasil pada Mon Jul 14 22:00:21 UTC 2025
Auto-push berhasil pada Mon Jul 14 22:30:26 UTC 2025
Auto-push berhasil pada Mon Jul 14 23:00:05 UTC 2025
Auto-push berhasil pada Mon Jul 14 23:30:04 UTC 2025
Auto-push berhasil pada Tue Jul 15 00:00:04 UTC 2025
Auto-push berhasil pada Tue Jul 15 00:30:19 UTC 2025
Auto-push berhasil pada Tue Jul 15 01:00:05 UTC 2025
Auto-push berhasil pada Tue Jul 15 01:30:04 UTC 2025
Auto-push berhasil pada Tue Jul 15 02:00:04 UTC 2025
Auto-push berhasil pada Tue Jul 15 02:30:04 UTC 2025
Auto-push berhasil pada Tue Jul 15 03:00:04 UTC 2025
Auto-push berhasil pada Tue Jul 15 03:30:04 UTC 2025
Auto-push berhasil pada Tue Jul 15 04:00:04 UTC 2025
Auto-push berhasil pada Tue Jul 15 04:30:04 UTC 2025
Auto-push berhasil pada Tue Jul 15 05:00:04 UTC 2025
Auto-push berhasil pada Tue Jul 15 05:30:05 UTC 2025
Auto-push berhasil pada Tue Jul 15 06:00:04 UTC 2025
Auto-push berhasil pada Tue Jul 15 06:30:04 UTC 2025
Auto-push berhasil pada Tue Jul 15 07:00:05 UTC 2025
Auto-push berhasil pada Tue Jul 15 07:30:05 UTC 2025
Auto-push berhasil pada Tue Jul 15 08:00:04 UTC 2025
Auto-push berhasil pada Tue Jul 15 08:30:05 UTC 2025
Auto-push berhasil pada Tue Jul 15 09:00:04 UTC 2025
Auto-push berhasil pada Tue Jul 15 09:30:04 UTC 2025
Auto-push berhasil pada Tue Jul 15 10:00:04 UTC 2025
Auto-push berhasil pada Tue Jul 15 10:30:04 UTC 2025
Auto-push berhasil pada Tue Jul 15 11:00:04 UTC 2025
Auto-push berhasil pada Tue Jul 15 11:30:04 UTC 2025
Auto-push berhasil pada Tue Jul 15 12:00:05 UTC 2025
Auto-push berhasil pada Tue Jul 15 12:30:04 UTC 2025
Auto-push berhasil pada Tue Jul 15 13:00:04 UTC 2025
Auto-push berhasil pada Tue Jul 15 13:30:04 UTC 2025
Auto-push berhasil pada Tue Jul 15 14:00:04 UTC 2025
Auto-push berhasil pada Tue Jul 15 14:30:04 UTC 2025
Auto-push berhasil pada Tue Jul 15 15:00:05 UTC 2025
Auto-push berhasil pada Tue Jul 15 15:30:04 UTC 2025
Auto-push berhasil pada Tue Jul 15 16:00:05 UTC 2025
Auto-push berhasil pada Tue Jul 15 16:30:04 UTC 2025
Auto-push berhasil pada Tue Jul 15 17:00:04 UTC 2025
Auto-push berhasil pada Tue Jul 15 17:30:04 UTC 2025
Auto-push berhasil pada Tue Jul 15 18:00:04 UTC 2025
Auto-push berhasil pada Tue Jul 15 18:30:04 UTC 2025
Auto-push berhasil pada Tue Jul 15 19:00:04 UTC 2025
Auto-push berhasil pada Tue Jul 15 19:30:04 UTC 2025
Auto-push berhasil pada Tue Jul 15 20:00:04 UTC 2025
Auto-push berhasil pada Tue Jul 15 20:30:04 UTC 2025
Auto-push berhasil pada Tue Jul 15 21:00:04 UTC 2025
Auto-push berhasil pada Tue Jul 15 21:30:04 UTC 2025
Auto-push berhasil pada Tue Jul 15 22:00:04 UTC 2025
Auto-push berhasil pada Tue Jul 15 22:30:04 UTC 2025
Auto-push berhasil pada Tue Jul 15 23:00:04 UTC 2025
Auto-push berhasil pada Tue Jul 15 23:30:04 UTC 2025
Auto-push berhasil pada Wed Jul 16 00:00:05 UTC 2025
Auto-push berhasil pada Wed Jul 16 00:30:04 UTC 2025
Auto-push berhasil pada Wed Jul 16 01:00:05 UTC 2025
Auto-push berhasil pada Wed Jul 16 01:30:04 UTC 2025
Auto-push berhasil pada Wed Jul 16 02:00:04 UTC 2025
Auto-push berhasil pada Wed Jul 16 02:30:04 UTC 2025
Auto-push berhasil pada Wed Jul 16 03:00:04 UTC 2025
Auto-push berhasil pada Wed Jul 16 03:30:04 UTC 2025
Auto-push berhasil pada Wed Jul 16 04:00:04 UTC 2025
Auto-push berhasil pada Wed Jul 16 04:30:04 UTC 2025
Auto-push berhasil pada Wed Jul 16 05:00:04 UTC 2025
Auto-push berhasil pada Wed Jul 16 05:30:04 UTC 2025
Auto-push berhasil pada Wed Jul 16 06:00:04 UTC 2025
Auto-push berhasil pada Wed Jul 16 06:30:04 UTC 2025
Auto-push berhasil pada Wed Jul 16 07:00:04 UTC 2025
Auto-push berhasil pada Wed Jul 16 07:30:04 UTC 2025
Auto-push berhasil pada Wed Jul 16 08:00:05 UTC 2025
Auto-push berhasil pada Wed Jul 16 08:30:04 UTC 2025
Auto-push berhasil pada Wed Jul 16 09:00:04 UTC 2025
Auto-push berhasil pada Wed Jul 16 09:30:04 UTC 2025
Auto-push berhasil pada Wed Jul 16 10:00:05 UTC 2025
Auto-push berhasil pada Wed Jul 16 10:30:04 UTC 2025
Auto-push berhasil pada Wed Jul 16 11:00:04 UTC 2025
Auto-push berhasil pada Wed Jul 16 11:30:04 UTC 2025
Auto-push berhasil pada Wed Jul 16 12:00:05 UTC 2025
Auto-push berhasil pada Wed Jul 16 12:30:04 UTC 2025
Auto-push berhasil pada Wed Jul 16 13:00:04 UTC 2025
Auto-push berhasil pada Wed Jul 16 13:30:04 UTC 2025
Auto-push berhasil pada Wed Jul 16 14:00:04 UTC 2025
Auto-push berhasil pada Wed Jul 16 14:30:04 UTC 2025
Auto-push berhasil pada Wed Jul 16 15:00:04 UTC 2025
Auto-push berhasil pada Wed Jul 16 15:30:05 UTC 2025
Auto-push berhasil pada Wed Jul 16 16:00:04 UTC 2025
Auto-push berhasil pada Wed Jul 16 16:30:04 UTC 2025
Auto-push berhasil pada Wed Jul 16 17:00:04 UTC 2025
Auto-push berhasil pada Wed Jul 16 17:30:04 UTC 2025
Auto-push berhasil pada Wed Jul 16 18:00:05 UTC 2025
Auto-push berhasil pada Wed Jul 16 18:30:04 UTC 2025
Auto-push berhasil pada Wed Jul 16 19:00:04 UTC 2025
Auto-push berhasil pada Wed Jul 16 19:30:04 UTC 2025
Auto-push berhasil pada Wed Jul 16 20:00:04 UTC 2025
Auto-push berhasil pada Wed Jul 16 20:30:04 UTC 2025
Auto-push berhasil pada Wed Jul 16 21:00:04 UTC 2025
Auto-push berhasil pada Wed Jul 16 21:30:04 UTC 2025
Auto-push berhasil pada Wed Jul 16 22:00:04 UTC 2025
Auto-push berhasil pada Wed Jul 16 22:30:04 UTC 2025
Auto-push berhasil pada Wed Jul 16 23:00:04 UTC 2025
Auto-push berhasil pada Wed Jul 16 23:30:04 UTC 2025
Auto-push berhasil pada Thu Jul 17 00:00:06 UTC 2025
Auto-push berhasil pada Thu Jul 17 00:30:04 UTC 2025
Auto-push berhasil pada Thu Jul 17 01:00:04 UTC 2025
Auto-push berhasil pada Thu Jul 17 01:30:04 UTC 2025
Auto-push berhasil pada Thu Jul 17 02:00:04 UTC 2025
Auto-push berhasil pada Thu Jul 17 02:30:04 UTC 2025
Auto-push berhasil pada Thu Jul 17 03:00:04 UTC 2025
Auto-push berhasil pada Thu Jul 17 03:30:03 UTC 2025
Auto-push berhasil pada Thu Jul 17 04:00:05 UTC 2025
Auto-push berhasil pada Thu Jul 17 04:30:04 UTC 2025
Auto-push berhasil pada Thu Jul 17 05:00:04 UTC 2025
Auto-push berhasil pada Thu Jul 17 05:30:04 UTC 2025
Auto-push berhasil pada Thu Jul 17 06:00:04 UTC 2025
Auto-push berhasil pada Thu Jul 17 06:30:04 UTC 2025
Auto-push berhasil pada Thu Jul 17 07:00:04 UTC 2025
Auto-push berhasil pada Thu Jul 17 07:30:04 UTC 2025
Auto-push berhasil pada Thu Jul 17 08:00:03 UTC 2025
Auto-push berhasil pada Thu Jul 17 08:30:03 UTC 2025
Auto-push berhasil pada Thu Jul 17 09:00:04 UTC 2025
Auto-push berhasil pada Thu Jul 17 09:30:09 UTC 2025
Auto-push berhasil pada Thu Jul 17 10:00:05 UTC 2025
Auto-push berhasil pada Thu Jul 17 10:30:03 UTC 2025
Auto-push berhasil pada Thu Jul 17 11:00:03 UTC 2025
Auto-push berhasil pada Thu Jul 17 11:30:04 UTC 2025
Auto-push berhasil pada Thu Jul 17 12:00:04 UTC 2025
Auto-push berhasil pada Thu Jul 17 12:30:04 UTC 2025
Auto-push berhasil pada Thu Jul 17 13:00:04 UTC 2025
